d:\work\code\cascades-dev\cascades\cascades\debug\vc142.pdb
d:\work\code\cascades-dev\cascades\cascades\debug\vc142.idb
d:\work\code\cascades-dev\cascades\cascades\debug\wcol.obj
d:\work\code\cascades-dev\cascades\cascades\debug\tasks.obj
d:\work\code\cascades-dev\cascades\cascades\debug\supp.obj
d:\work\code\cascades-dev\cascades\cascades\debug\stdafx.obj
d:\work\code\cascades-dev\cascades\cascades\debug\ssp.obj
d:\work\code\cascades-dev\cascades\cascades\debug\rules.obj
d:\work\code\cascades-dev\cascades\cascades\debug\query.obj
d:\work\code\cascades-dev\cascades\cascades\debug\physop.obj
d:\work\code\cascades-dev\cascades\cascades\debug\mexpr.obj
d:\work\code\cascades-dev\cascades\cascades\debug\main.obj
d:\work\code\cascades-dev\cascades\cascades\debug\item.obj
d:\work\code\cascades-dev\cascades\cascades\debug\group.obj
d:\work\code\cascades-dev\cascades\cascades\debug\expr.obj
d:\work\code\cascades-dev\cascades\cascades\debug\cm.obj
d:\work\code\cascades-dev\cascades\cascades\debug\cat.obj
d:\work\code\cascades-dev\cascades\cascades\debug\bm.obj
d:\work\code\cascades-dev\cascades\cascades\debug\cascades.pdb
d:\work\code\cascades-dev\cascades\cascades\debug\cascades.tlog\cl.command.1.tlog
d:\work\code\cascades-dev\cascades\cascades\debug\cascades.tlog\cl.read.1.tlog
d:\work\code\cascades-dev\cascades\cascades\debug\cascades.tlog\cl.write.1.tlog
d:\work\code\cascades-dev\cascades\cascades\debug\cascades.tlog\link-cvtres.read.1.tlog
d:\work\code\cascades-dev\cascades\cascades\debug\cascades.tlog\link-cvtres.write.1.tlog
d:\work\code\cascades-dev\cascades\cascades\debug\cascades.tlog\link-mt.read.1.tlog
d:\work\code\cascades-dev\cascades\cascades\debug\cascades.tlog\link-mt.write.1.tlog
d:\work\code\cascades-dev\cascades\cascades\debug\cascades.tlog\link-rc.read.1.tlog
d:\work\code\cascades-dev\cascades\cascades\debug\cascades.tlog\link-rc.write.1.tlog
d:\work\code\cascades-dev\cascades\cascades\debug\cascades.tlog\link.command.1.tlog
d:\work\code\cascades-dev\cascades\cascades\debug\cascades.tlog\link.read.1.tlog
d:\work\code\cascades-dev\cascades\cascades\debug\cascades.tlog\link.write.1.tlog
d:\work\code\cascades-dev\cascades\cascades\debug\cascades.tlog\rc.command.1.tlog
d:\work\code\cascades-dev\cascades\cascades\debug\cascades.tlog\rc.read.1.tlog
d:\work\code\cascades-dev\cascades\cascades\debug\cascades.tlog\rc.write.1.tlog
